build/app/intermediates/manifest_merge_blame_file/debug/manifest-merger-blame-debug-report.txt
1<?xml version="1.0" encoding="utf-8"?>
2<manifest xmlns:android="http://schemas.android.com/apk/res/android"
3    package="com.fibrechat.app"
4    android:versionCode="12"
5    android:versionName="2.0.11" >
6
7    <uses-sdk
8        android:minSdkVersion="24"
9        android:targetSdkVersion="33" />
10    <!--
11         Flutter needs it to communicate with the running application
12         to allow setting breakpoints, to provide hot reload, etc.
13    -->
14    <uses-permission android:name="android.permission.INTERNET" />
14-->src\main\AndroidManifest.xml:129:5-66
14-->src\main\AndroidManifest.xml:129:22-64
15    <uses-permission android:name="android.permission.ACCESS_NETWORK_STATE" />
15-->src\main\AndroidManifest.xml:130:2-76
15-->src\main\AndroidManifest.xml:130:19-73
16    <uses-permission android:name="android.permission.ACCESS_FINE_LOCATION" />
16-->src\main\AndroidManifest.xml:131:2-76
16-->src\main\AndroidManifest.xml:131:19-73
17    <uses-permission android:name="android.permission.ACCESS_COARSE_LOCATION" />
17-->src\main\AndroidManifest.xml:132:2-78
17-->src\main\AndroidManifest.xml:132:19-75
18    <uses-permission android:name="android.permission.WRITE_EXTERNAL_STORAGE" />
18-->src\main\AndroidManifest.xml:133:2-77
18-->src\main\AndroidManifest.xml:133:19-75
19    <uses-permission android:name="android.permission.READ_EXTERNAL_STORAGE" />
19-->src\main\AndroidManifest.xml:134:2-76
19-->src\main\AndroidManifest.xml:134:19-74
20    <uses-permission android:name="android.permission.CAMERA" />
20-->src\main\AndroidManifest.xml:135:2-62
20-->src\main\AndroidManifest.xml:135:19-59
21    <uses-permission android:name="android.permission.READ_CONTACTS" />
21-->src\main\AndroidManifest.xml:136:2-69
21-->src\main\AndroidManifest.xml:136:19-66
22    <uses-permission android:name="android.permission.WRITE_CONTACTS" />
22-->src\main\AndroidManifest.xml:137:2-70
22-->src\main\AndroidManifest.xml:137:19-67
23    <uses-permission android:name="android.permission.READ_PHONE_STATE" />
23-->src\main\AndroidManifest.xml:138:2-71
23-->src\main\AndroidManifest.xml:138:19-69
24    <uses-permission android:name="android.permission.RECORD_AUDIO" />
24-->src\main\AndroidManifest.xml:139:2-68
24-->src\main\AndroidManifest.xml:139:19-65
25    <uses-permission android:name="android.permission.MODIFY_AUDIO_SETTINGS" />
25-->src\main\AndroidManifest.xml:140:2-77
25-->src\main\AndroidManifest.xml:140:19-74
26    <uses-permission android:name="android.permission.BLUETOOTH" />
26-->src\main\AndroidManifest.xml:141:2-65
26-->src\main\AndroidManifest.xml:141:19-62
27    <uses-permission android:name="android.permission.VIBRATE" />
27-->src\main\AndroidManifest.xml:142:2-63
27-->src\main\AndroidManifest.xml:142:19-60
28    <uses-permission android:name="android.permission.ACCESS_WIFI_STATE" />
28-->src\main\AndroidManifest.xml:144:2-73
28-->src\main\AndroidManifest.xml:144:19-70
29    <uses-permission android:name="android.permission.WAKE_LOCK" />
29-->src\main\AndroidManifest.xml:145:5-68
29-->src\main\AndroidManifest.xml:145:22-65
30    <uses-permission android:name="android.permission.READ_PRIVILEGED_PHONE_STATE" />
30-->src\main\AndroidManifest.xml:146:5-147:43
30-->src\main\AndroidManifest.xml:146:22-83
31
32    <queries>
32-->src\main\AndroidManifest.xml:5:2-13:12
33        <intent>
33-->src\main\AndroidManifest.xml:6:3-8:12
34            <action android:name="android.media.action.IMAGE_CAPTURE" />
34-->src\main\AndroidManifest.xml:7:4-64
34-->src\main\AndroidManifest.xml:7:12-61
35        </intent>
36        <intent>
36-->src\main\AndroidManifest.xml:9:3-12:12
37            <action android:name="android.intent.action.VIEW" />
37-->src\main\AndroidManifest.xml:10:4-56
37-->src\main\AndroidManifest.xml:10:12-53
38
39            <data android:scheme="https" />
39-->src\main\AndroidManifest.xml:11:4-35
39-->src\main\AndroidManifest.xml:11:10-32
40        </intent>
41        <intent>
41-->[:contacts_service] AndroidManifest.xml:10:9-12:18
42            <action android:name="android.accounts.AccountAuthenticator" />
42-->[:contacts_service] AndroidManifest.xml:11:13-76
42-->[:contacts_service] AndroidManifest.xml:11:21-73
43        </intent> <!-- Allows the app to load an icon corresponding to the custom MIME type. -->
44        <intent>
44-->[:contacts_service] AndroidManifest.xml:14:9-21:18
45            <action android:name="android.intent.action.VIEW" />
45-->src\main\AndroidManifest.xml:10:4-56
45-->src\main\AndroidManifest.xml:10:12-53
46
47            <data
47-->src\main\AndroidManifest.xml:11:4-35
48                android:host="com.android.contacts"
49                android:mimeType="vnd.android.cursor.item/*"
50                android:scheme="content" />
50-->src\main\AndroidManifest.xml:11:10-32
51        </intent>
52        <intent>
52-->[:file_picker] AndroidManifest.xml:12:9-16:18
53            <action android:name="android.intent.action.GET_CONTENT" />
53-->[:file_picker] AndroidManifest.xml:13:13-72
53-->[:file_picker] AndroidManifest.xml:13:21-69
54
55            <data android:mimeType="*/*" />
55-->src\main\AndroidManifest.xml:11:4-35
56        </intent> <!-- For browser content -->
57        <intent>
57-->[com.google.android.gms:play-services-ads-lite:21.0.0] AndroidManifest.xml:31:9-37:18
58            <action android:name="android.intent.action.VIEW" />
58-->src\main\AndroidManifest.xml:10:4-56
58-->src\main\AndroidManifest.xml:10:12-53
59
60            <category android:name="android.intent.category.BROWSABLE" />
60-->[com.google.firebase:firebase-auth:22.1.1] AndroidManifest.xml:39:17-78
60-->[com.google.firebase:firebase-auth:22.1.1] AndroidManifest.xml:39:27-75
61
62            <data android:scheme="https" />
62-->src\main\AndroidManifest.xml:11:4-35
62-->src\main\AndroidManifest.xml:11:10-32
63        </intent> <!-- End of browser content -->
64        <!-- For CustomTabsService -->
65        <intent>
65-->[com.google.android.gms:play-services-ads-lite:21.0.0] AndroidManifest.xml:40:9-42:18
66            <action android:name="android.support.customtabs.action.CustomTabsService" />
66-->[com.google.android.gms:play-services-ads-lite:21.0.0] AndroidManifest.xml:41:13-90
66-->[com.google.android.gms:play-services-ads-lite:21.0.0] AndroidManifest.xml:41:21-87
67        </intent>
68        <intent>
68-->[androidx.media2:media2-session:1.2.0] AndroidManifest.xml:25:9-27:18
69            <action android:name="android.media.browse.MediaBrowserService" />
69-->[androidx.media2:media2-session:1.2.0] AndroidManifest.xml:26:13-79
69-->[androidx.media2:media2-session:1.2.0] AndroidManifest.xml:26:21-76
70        </intent>
71        <intent>
71-->[androidx.media2:media2-session:1.2.0] AndroidManifest.xml:28:9-30:18
72            <action android:name="androidx.media2.session.MediaSessionService" />
72-->[androidx.media2:media2-session:1.2.0] AndroidManifest.xml:29:13-82
72-->[androidx.media2:media2-session:1.2.0] AndroidManifest.xml:29:21-79
73        </intent>
74        <intent>
74-->[androidx.media2:media2-session:1.2.0] AndroidManifest.xml:31:9-33:18
75            <action android:name="androidx.media2.session.MediaLibraryService" />
75-->[androidx.media2:media2-session:1.2.0] AndroidManifest.xml:32:13-82
75-->[androidx.media2:media2-session:1.2.0] AndroidManifest.xml:32:21-79
76        </intent>
77    </queries>
78
79    <uses-permission android:name="android.permission.RECEIVE_BOOT_COMPLETED" />
79-->[:flutter_local_notifications] AndroidManifest.xml:9:5-81
79-->[:flutter_local_notifications] AndroidManifest.xml:9:22-78
80    <uses-permission android:name="android.permission.USE_FULL_SCREEN_INTENT" />
80-->[:flutter_local_notifications] AndroidManifest.xml:11:5-81
80-->[:flutter_local_notifications] AndroidManifest.xml:11:22-78
81    <uses-permission android:name="android.permission.SCHEDULE_EXACT_ALARM" />
81-->[:flutter_local_notifications] AndroidManifest.xml:12:5-79
81-->[:flutter_local_notifications] AndroidManifest.xml:12:22-76
82    <uses-permission android:name="android.permission.POST_NOTIFICATIONS" />
82-->[:flutter_local_notifications] AndroidManifest.xml:13:5-77
82-->[:flutter_local_notifications] AndroidManifest.xml:13:22-74
83    <uses-permission android:name="android.permission.USE_BIOMETRIC" /> <!-- suppress DeprecatedClassUsageInspection -->
83-->[:local_auth_android] AndroidManifest.xml:9:5-72
83-->[:local_auth_android] AndroidManifest.xml:9:22-69
84    <uses-permission android:name="android.permission.USE_FINGERPRINT" /> <!-- Required by older versions of Google Play services to create IID tokens -->
84-->[androidx.biometric:biometric:1.1.0] AndroidManifest.xml:27:5-74
84-->[androidx.biometric:biometric:1.1.0] AndroidManifest.xml:27:22-71
85    <uses-permission android:name="com.google.android.c2dm.permission.RECEIVE" />
85-->[com.google.firebase:firebase-messaging:23.2.1] AndroidManifest.xml:26:5-82
85-->[com.google.firebase:firebase-messaging:23.2.1] AndroidManifest.xml:26:22-79
86    <uses-permission android:name="com.google.android.gms.permission.AD_ID" />
86-->[com.google.android.gms:play-services-measurement-api:21.3.0] AndroidManifest.xml:25:5-79
86-->[com.google.android.gms:play-services-measurement-api:21.3.0] AndroidManifest.xml:25:22-76
87    <uses-permission android:name="com.google.android.finsky.permission.BIND_GET_INSTALL_REFERRER_SERVICE" />
87-->[com.google.android.gms:play-services-measurement:21.3.0] AndroidManifest.xml:26:5-110
87-->[com.google.android.gms:play-services-measurement:21.3.0] AndroidManifest.xml:26:22-107
88    <uses-permission android:name="android.permission.FOREGROUND_SERVICE" />
88-->[androidx.work:work-runtime:2.7.0] AndroidManifest.xml:28:5-77
88-->[androidx.work:work-runtime:2.7.0] AndroidManifest.xml:28:22-74
89
90    <permission
90-->[androidx.core:core:1.10.1] AndroidManifest.xml:22:5-24:47
91        android:name="com.fibrechat.app.DYNAMIC_RECEIVER_NOT_EXPORTED_PERMISSION"
91-->[androidx.core:core:1.10.1] AndroidManifest.xml:23:9-81
92        android:protectionLevel="signature" />
92-->[androidx.core:core:1.10.1] AndroidManifest.xml:24:9-44
93
94    <uses-permission android:name="com.fibrechat.app.DYNAMIC_RECEIVER_NOT_EXPORTED_PERMISSION" />
94-->[androidx.core:core:1.10.1] AndroidManifest.xml:26:5-97
94-->[androidx.core:core:1.10.1] AndroidManifest.xml:26:22-94
95
96    <application
97        android:name="android.app.Application"
98        android:allowBackup="false"
99        android:appComponentFactory="androidx.core.app.CoreComponentFactory"
99-->[androidx.core:core:1.10.1] AndroidManifest.xml:28:18-86
100        android:debuggable="true"
101        android:extractNativeLibs="false"
102        android:fullBackupOnly="false"
103        android:icon="@mipmap/ic_launcher"
104        android:label="Vazra"
105        android:requestLegacyExternalStorage="true"
106        android:usesCleartextTraffic="true" >
106-->[:cloud_functions] AndroidManifest.xml:11:9-44
107        <meta-data
108            android:name="com.google.firebase.messaging.default_notification_icon"
109            android:exported="true"
110            android:resource="@drawable/transparent" />
111        <meta-data
112            android:name="com.google.firebase.messaging.default_notification_color"
113            android:exported="true"
114            android:resource="@color/colorAccent" />
115
116        <activity
117            android:name="com.tctech.fiberchatdemo.MainActivity"
118            android:configChanges="orientation|keyboardHidden|keyboard|screenSize|smallestScreenSize|locale|layoutDirection|fontScale|screenLayout|density|uiMode"
119            android:exported="true"
120            android:hardwareAccelerated="true"
121            android:launchMode="singleTop"
122            android:requestLegacyExternalStorage="true"
123            android:theme="@style/LaunchTheme"
124            android:windowSoftInputMode="adjustResize" >
125
126            <!--
127    android:showWhenLocked="true"
128    android:turnScreenOn="true"
129            -->
130            <!--
131                 Specifies an Android theme to apply to this Activity as soon as
132                 the Android process has started. This theme is visible to the user
133                 while the Flutter UI initializes. After that, this theme continues
134                 to determine the Window background behind the Flutter UI.
135            -->
136            <meta-data
137                android:name="io.flutter.embedding.android.NormalTheme"
138                android:exported="true"
139                android:resource="@style/NormalTheme" />
140            <!--
141                 Displays an Android View that continues showing the launch screen
142                 Drawable until Flutter paints its first frame, then this splash
143                 screen fades out. A splash screen is useful to avoid any visual
144                 gap between the end of Android's launch screen and the painting of
145                 Flutter's first frame.
146            -->
147            <meta-data
148                android:name="io.flutter.embedding.android.SplashScreenDrawable"
149                android:exported="true"
150                android:resource="@drawable/launch_background" />
151
152            <intent-filter>
153                <action android:name="android.intent.action.MAIN" />
154
155                <category android:name="android.intent.category.LAUNCHER" />
156            </intent-filter>
157            <intent-filter>
158                <action android:name="FLUTTER_NOTIFICATION_CLICK" />
159
160                <category android:name="android.intent.category.DEFAULT" />
160-->[com.google.firebase:firebase-auth:22.1.1] AndroidManifest.xml:38:17-76
160-->[com.google.firebase:firebase-auth:22.1.1] AndroidManifest.xml:38:27-73
161            </intent-filter>
162            <!-- Add this filter, if you want to support sharing text into your app -->
163            <intent-filter>
164                <action android:name="android.intent.action.SEND" />
165
166                <category android:name="android.intent.category.DEFAULT" />
166-->[com.google.firebase:firebase-auth:22.1.1] AndroidManifest.xml:38:17-76
166-->[com.google.firebase:firebase-auth:22.1.1] AndroidManifest.xml:38:27-73
167
168                <data android:mimeType="text/*" />
168-->src\main\AndroidManifest.xml:11:4-35
169            </intent-filter>
170            <intent-filter>
171                <action android:name="android.intent.action.SEND_MULTIPLE" />
172
173                <category android:name="android.intent.category.DEFAULT" />
173-->[com.google.firebase:firebase-auth:22.1.1] AndroidManifest.xml:38:17-76
173-->[com.google.firebase:firebase-auth:22.1.1] AndroidManifest.xml:38:27-73
174
175                <data android:mimeType="text/*" />
175-->src\main\AndroidManifest.xml:11:4-35
176            </intent-filter>
177            <!-- Add this filter, if you want to support sharing images into your app -->
178            <intent-filter>
179                <action android:name="android.intent.action.SEND" />
180
181                <category android:name="android.intent.category.DEFAULT" />
181-->[com.google.firebase:firebase-auth:22.1.1] AndroidManifest.xml:38:17-76
181-->[com.google.firebase:firebase-auth:22.1.1] AndroidManifest.xml:38:27-73
182
183                <data android:mimeType="image/*" />
183-->src\main\AndroidManifest.xml:11:4-35
184            </intent-filter>
185            <intent-filter>
186                <action android:name="android.intent.action.SEND_MULTIPLE" />
187
188                <category android:name="android.intent.category.DEFAULT" />
188-->[com.google.firebase:firebase-auth:22.1.1] AndroidManifest.xml:38:17-76
188-->[com.google.firebase:firebase-auth:22.1.1] AndroidManifest.xml:38:27-73
189
190                <data android:mimeType="image/*" />
190-->src\main\AndroidManifest.xml:11:4-35
191            </intent-filter>
192            <!-- Add this filter, if you want to support sharing videos into your app -->
193            <intent-filter>
194                <action android:name="android.intent.action.SEND" />
195
196                <category android:name="android.intent.category.DEFAULT" />
196-->[com.google.firebase:firebase-auth:22.1.1] AndroidManifest.xml:38:17-76
196-->[com.google.firebase:firebase-auth:22.1.1] AndroidManifest.xml:38:27-73
197
198                <data android:mimeType="video/*" />
198-->src\main\AndroidManifest.xml:11:4-35
199            </intent-filter>
200            <!-- Add this filter, if you want to support sharing any type of files -->
201            <intent-filter>
202                <action android:name="android.intent.action.SEND" />
203
204                <category android:name="android.intent.category.DEFAULT" />
204-->[com.google.firebase:firebase-auth:22.1.1] AndroidManifest.xml:38:17-76
204-->[com.google.firebase:firebase-auth:22.1.1] AndroidManifest.xml:38:27-73
205
206                <data android:mimeType="*/*" />
206-->src\main\AndroidManifest.xml:11:4-35
207            </intent-filter>
208            <intent-filter>
209                <action android:name="android.intent.action.SEND_MULTIPLE" />
210
211                <category android:name="android.intent.category.DEFAULT" />
211-->[com.google.firebase:firebase-auth:22.1.1] AndroidManifest.xml:38:17-76
211-->[com.google.firebase:firebase-auth:22.1.1] AndroidManifest.xml:38:27-73
212
213                <data android:mimeType="*/*" />
213-->src\main\AndroidManifest.xml:11:4-35
214            </intent-filter>
215        </activity>
216        <!--
217             Don't delete the meta-data below.
218             This is used by the Flutter tool to generate GeneratedPluginRegistrant.java
219        -->
220        <meta-data
221            android:name="com.google.firebase.messaging.default_notification_channel_id"
222            android:exported="true"
223            android:value="@string/default_notification_channel_id" />
224        <meta-data
225            android:name="flutterEmbedding"
226            android:value="2" />
227        <meta-data
228            android:name="com.google.android.gms.ads.APPLICATION_ID"
229            android:exported="true"
230            android:value="ca-app-pub-3940256099942544~3347511713" />
231        <!-- Sample AdMob App ID: ca-app-pub-3940256099942544~3347511713 -->
232        <receiver
232-->[:flutter_local_notifications] AndroidManifest.xml:16:9-18:40
233            android:name="com.dexterous.flutterlocalnotifications.ActionBroadcastReceiver"
233-->[:flutter_local_notifications] AndroidManifest.xml:17:13-91
234            android:exported="false" />
234-->[:flutter_local_notifications] AndroidManifest.xml:18:13-37
235        <receiver
235-->[:flutter_local_notifications] AndroidManifest.xml:19:9-21:40
236            android:name="com.dexterous.flutterlocalnotifications.ScheduledNotificationReceiver"
236-->[:flutter_local_notifications] AndroidManifest.xml:20:13-97
237            android:exported="false" />
237-->[:flutter_local_notifications] AndroidManifest.xml:21:13-37
238        <receiver
238-->[:flutter_local_notifications] AndroidManifest.xml:22:9-31:20
239            android:name="com.dexterous.flutterlocalnotifications.ScheduledNotificationBootReceiver"
239-->[:flutter_local_notifications] AndroidManifest.xml:23:13-101
240            android:exported="false" >
240-->[:flutter_local_notifications] AndroidManifest.xml:24:13-37
241            <intent-filter>
241-->[:flutter_local_notifications] AndroidManifest.xml:25:13-30:29
242                <action android:name="android.intent.action.BOOT_COMPLETED" />
242-->[:flutter_local_notifications] AndroidManifest.xml:26:17-79
242-->[:flutter_local_notifications] AndroidManifest.xml:26:25-76
243                <action android:name="android.intent.action.MY_PACKAGE_REPLACED" />
243-->[:flutter_local_notifications] AndroidManifest.xml:27:17-84
243-->[:flutter_local_notifications] AndroidManifest.xml:27:25-81
244                <action android:name="android.intent.action.QUICKBOOT_POWERON" />
244-->[:flutter_local_notifications] AndroidManifest.xml:28:17-82
244-->[:flutter_local_notifications] AndroidManifest.xml:28:25-79
245                <action android:name="com.htc.intent.action.QUICKBOOT_POWERON" />
245-->[:flutter_local_notifications] AndroidManifest.xml:29:17-82
245-->[:flutter_local_notifications] AndroidManifest.xml:29:25-79
246            </intent-filter>
247        </receiver>
248
249        <meta-data
249-->[:google_mobile_ads] AndroidManifest.xml:12:9-14:36
250            android:name="io.flutter.embedded_views_preview"
250-->[:google_mobile_ads] AndroidManifest.xml:13:13-61
251            android:value="true" />
251-->[:google_mobile_ads] AndroidManifest.xml:14:13-33
252
253        <provider
253-->[:image_picker_android] AndroidManifest.xml:10:9-18:20
254            android:name="io.flutter.plugins.imagepicker.ImagePickerFileProvider"
254-->[:image_picker_android] AndroidManifest.xml:11:13-82
255            android:authorities="com.fibrechat.app.flutter.image_provider"
255-->[:image_picker_android] AndroidManifest.xml:12:13-74
256            android:exported="false"
256-->[:image_picker_android] AndroidManifest.xml:13:13-37
257            android:grantUriPermissions="true" >
257-->[:image_picker_android] AndroidManifest.xml:14:13-47
258            <meta-data
258-->[:image_picker_android] AndroidManifest.xml:15:13-17:75
259                android:name="android.support.FILE_PROVIDER_PATHS"
259-->[:image_picker_android] AndroidManifest.xml:16:17-67
260                android:resource="@xml/flutter_image_picker_file_paths" />
260-->[:image_picker_android] AndroidManifest.xml:17:17-72
261        </provider>
262
263        <service
263-->[:firebase_messaging] AndroidManifest.xml:16:9-19:72
264            android:name="io.flutter.plugins.firebase.messaging.FlutterFirebaseMessagingBackgroundService"
264-->[:firebase_messaging] AndroidManifest.xml:17:13-107
265            android:exported="false"
265-->[:firebase_messaging] AndroidManifest.xml:18:13-37
266            android:permission="android.permission.BIND_JOB_SERVICE" />
266-->[:firebase_messaging] AndroidManifest.xml:19:13-69
267        <service
267-->[:firebase_messaging] AndroidManifest.xml:20:9-26:19
268            android:name="io.flutter.plugins.firebase.messaging.FlutterFirebaseMessagingService"
268-->[:firebase_messaging] AndroidManifest.xml:21:13-97
269            android:exported="false" >
269-->[:firebase_messaging] AndroidManifest.xml:22:13-37
270            <intent-filter>
270-->[:firebase_messaging] AndroidManifest.xml:23:13-25:29
271                <action android:name="com.google.firebase.MESSAGING_EVENT" />
271-->[:firebase_messaging] AndroidManifest.xml:24:17-78
271-->[:firebase_messaging] AndroidManifest.xml:24:25-75
272            </intent-filter>
273        </service>
274
275        <receiver
275-->[:firebase_messaging] AndroidManifest.xml:28:9-35:20
276            android:name="io.flutter.plugins.firebase.messaging.FlutterFirebaseMessagingReceiver"
276-->[:firebase_messaging] AndroidManifest.xml:29:13-98
277            android:exported="true"
277-->[:firebase_messaging] AndroidManifest.xml:30:13-36
278            android:permission="com.google.android.c2dm.permission.SEND" >
278-->[:firebase_messaging] AndroidManifest.xml:31:13-73
279            <intent-filter>
279-->[:firebase_messaging] AndroidManifest.xml:32:13-34:29
280                <action android:name="com.google.android.c2dm.intent.RECEIVE" />
280-->[:firebase_messaging] AndroidManifest.xml:33:17-81
280-->[:firebase_messaging] AndroidManifest.xml:33:25-78
281            </intent-filter>
282        </receiver>
283
284        <service
284-->[:firebase_messaging] AndroidManifest.xml:37:9-41:19
285            android:name="com.google.firebase.components.ComponentDiscoveryService"
285-->[:firebase_messaging] AndroidManifest.xml:37:18-89
286            android:directBootAware="true"
286-->[com.google.firebase:firebase-common:20.3.3] AndroidManifest.xml:34:13-43
287            android:exported="false" >
287-->[com.google.firebase:firebase-auth:22.1.1] AndroidManifest.xml:68:13-37
288            <meta-data
288-->[:firebase_messaging] AndroidManifest.xml:38:13-40:85
289                android:name="com.google.firebase.components:io.flutter.plugins.firebase.messaging.FlutterFirebaseAppRegistrar"
289-->[:firebase_messaging] AndroidManifest.xml:39:17-128
290                android:value="com.google.firebase.components.ComponentRegistrar" />
290-->[:firebase_messaging] AndroidManifest.xml:40:17-82
291            <meta-data
291-->[:cloud_functions] AndroidManifest.xml:14:13-16:85
292                android:name="com.google.firebase.components:io.flutter.plugins.firebase.functions.FlutterFirebaseAppRegistrar"
292-->[:cloud_functions] AndroidManifest.xml:15:17-128
293                android:value="com.google.firebase.components.ComponentRegistrar" />
293-->[:cloud_functions] AndroidManifest.xml:16:17-82
294            <meta-data
294-->[:firebase_storage] AndroidManifest.xml:11:13-13:85
295                android:name="com.google.firebase.components:io.flutter.plugins.firebase.storage.FlutterFirebaseAppRegistrar"
295-->[:firebase_storage] AndroidManifest.xml:12:17-126
296                android:value="com.google.firebase.components.ComponentRegistrar" />
296-->[:firebase_storage] AndroidManifest.xml:13:17-82
297            <meta-data
297-->[:firebase_crashlytics] AndroidManifest.xml:11:13-13:85
298                android:name="com.google.firebase.components:io.flutter.plugins.firebase.crashlytics.FlutterFirebaseAppRegistrar"
298-->[:firebase_crashlytics] AndroidManifest.xml:12:17-130
299                android:value="com.google.firebase.components.ComponentRegistrar" />
299-->[:firebase_crashlytics] AndroidManifest.xml:13:17-82
300            <meta-data
300-->[:cloud_firestore] AndroidManifest.xml:11:13-13:85
301                android:name="com.google.firebase.components:io.flutter.plugins.firebase.firestore.FlutterFirebaseFirestoreRegistrar"
301-->[:cloud_firestore] AndroidManifest.xml:12:17-134
302                android:value="com.google.firebase.components.ComponentRegistrar" />
302-->[:cloud_firestore] AndroidManifest.xml:13:17-82
303            <meta-data
303-->[:firebase_auth] AndroidManifest.xml:11:13-13:85
304                android:name="com.google.firebase.components:io.flutter.plugins.firebase.auth.FlutterFirebaseAuthRegistrar"
304-->[:firebase_auth] AndroidManifest.xml:12:17-124
305                android:value="com.google.firebase.components.ComponentRegistrar" />
305-->[:firebase_auth] AndroidManifest.xml:13:17-82
306            <meta-data
306-->[:firebase_core] AndroidManifest.xml:11:13-13:85
307                android:name="com.google.firebase.components:io.flutter.plugins.firebase.core.FlutterFirebaseCoreRegistrar"
307-->[:firebase_core] AndroidManifest.xml:12:17-124
308                android:value="com.google.firebase.components.ComponentRegistrar" />
308-->[:firebase_core] AndroidManifest.xml:13:17-82
309            <meta-data
309-->[com.google.firebase:firebase-auth:22.1.1] AndroidManifest.xml:69:13-71:85
310                android:name="com.google.firebase.components:com.google.firebase.auth.FirebaseAuthRegistrar"
310-->[com.google.firebase:firebase-auth:22.1.1] AndroidManifest.xml:70:17-109
311                android:value="com.google.firebase.components.ComponentRegistrar" />
311-->[com.google.firebase:firebase-auth:22.1.1] AndroidManifest.xml:71:17-82
312            <meta-data
312-->[com.google.firebase:firebase-messaging:23.2.1] AndroidManifest.xml:53:13-55:85
313                android:name="com.google.firebase.components:com.google.firebase.messaging.FirebaseMessagingRegistrar"
313-->[com.google.firebase:firebase-messaging:23.2.1] AndroidManifest.xml:54:17-119
314                android:value="com.google.firebase.components.ComponentRegistrar" />
314-->[com.google.firebase:firebase-messaging:23.2.1] AndroidManifest.xml:55:17-82
315            <meta-data
315-->[com.google.firebase:firebase-functions:20.3.1] AndroidManifest.xml:17:13-19:85
316                android:name="com.google.firebase.components:com.google.firebase.functions.FunctionsRegistrar"
316-->[com.google.firebase:firebase-functions:20.3.1] AndroidManifest.xml:18:17-111
317                android:value="com.google.firebase.components.ComponentRegistrar" />
317-->[com.google.firebase:firebase-functions:20.3.1] AndroidManifest.xml:19:17-82
318            <meta-data
318-->[com.google.firebase:firebase-iid:21.1.0] AndroidManifest.xml:32:13-34:85
319                android:name="com.google.firebase.components:com.google.firebase.iid.Registrar"
319-->[com.google.firebase:firebase-iid:21.1.0] AndroidManifest.xml:33:17-96
320                android:value="com.google.firebase.components.ComponentRegistrar" />
320-->[com.google.firebase:firebase-iid:21.1.0] AndroidManifest.xml:34:17-82
321            <meta-data
321-->[com.google.firebase:firebase-crashlytics:18.4.1] AndroidManifest.xml:15:13-17:85
322                android:name="com.google.firebase.components:com.google.firebase.crashlytics.CrashlyticsRegistrar"
322-->[com.google.firebase:firebase-crashlytics:18.4.1] AndroidManifest.xml:16:17-115
323                android:value="com.google.firebase.components.ComponentRegistrar" />
323-->[com.google.firebase:firebase-crashlytics:18.4.1] AndroidManifest.xml:17:17-82
324            <meta-data
324-->[com.google.firebase:firebase-storage:20.2.1] AndroidManifest.xml:32:13-34:85
325                android:name="com.google.firebase.components:com.google.firebase.storage.StorageRegistrar"
325-->[com.google.firebase:firebase-storage:20.2.1] AndroidManifest.xml:33:17-107
326                android:value="com.google.firebase.components.ComponentRegistrar" />
326-->[com.google.firebase:firebase-storage:20.2.1] AndroidManifest.xml:34:17-82
327            <meta-data